[debug] [2024-03-03T12:03:26.291Z] ----------------------------------------------------------------------
[debug] [2024-03-03T12:03:26.292Z] Command:       /Users/damdafayton/.nvm/versions/node/v18.12.1/bin/node /Users/damdafayton/.nvm/versions/node/v18.12.1/bin/firebase deploy --only functions
[debug] [2024-03-03T12:03:26.292Z] CLI Version:   13.3.1
[debug] [2024-03-03T12:03:26.292Z] Platform:      darwin
[debug] [2024-03-03T12:03:26.292Z] Node Version:  v18.12.1
[debug] [2024-03-03T12:03:26.294Z] Time:          Sun Mar 03 2024 16:03:26 GMT+0400 (Georgia Standard Time)
[debug] [2024-03-03T12:03:26.294Z] ----------------------------------------------------------------------
[debug] 
[debug] [2024-03-03T12:03:26.329Z] > command requires scopes: ["email","openid","https://www.googleapis.com/auth/cloudplatformprojects.readonly","https://www.googleapis.com/auth/firebase","https://www.googleapis.com/auth/cloud-platform"]
[debug] [2024-03-03T12:03:26.329Z] > authorizing via signed-in user (yucelolcay@gmail.com)
[debug] [2024-03-03T12:03:26.329Z] [iam] checking project heritage-96586 for permissions ["cloudfunctions.functions.create","cloudfunctions.functions.delete","cloudfunctions.functions.get","cloudfunctions.functions.list","cloudfunctions.functions.update","cloudfunctions.operations.get","firebase.projects.get"]
[debug] [2024-03-03T12:03:26.330Z] > refreshing access token with scopes: []
[debug] [2024-03-03T12:03:26.331Z] >>> [apiv2][query] POST https://www.googleapis.com/oauth2/v3/token [none]
[debug] [2024-03-03T12:03:26.331Z] >>> [apiv2][body] POST https://www.googleapis.com/oauth2/v3/token [omitted]
[debug] [2024-03-03T12:03:26.607Z] <<< [apiv2][status] POST https://www.googleapis.com/oauth2/v3/token 200
[debug] [2024-03-03T12:03:26.607Z] <<< [apiv2][body] POST https://www.googleapis.com/oauth2/v3/token [omitted]
[debug] [2024-03-03T12:03:26.621Z] >>> [apiv2][query] POST https://cloudresourcemanager.googleapis.com/v1/projects/heritage-96586:testIamPermissions [none]
[debug] [2024-03-03T12:03:26.621Z] >>> [apiv2][(partial)header] POST https://cloudresourcemanager.googleapis.com/v1/projects/heritage-96586:testIamPermissions x-goog-quota-user=projects/heritage-96586
[debug] [2024-03-03T12:03:26.621Z] >>> [apiv2][body] POST https://cloudresourcemanager.googleapis.com/v1/projects/heritage-96586:testIamPermissions {"permissions":["cloudfunctions.functions.create","cloudfunctions.functions.delete","cloudfunctions.functions.get","cloudfunctions.functions.list","cloudfunctions.functions.update","cloudfunctions.operations.get","firebase.projects.get"]}
[debug] [2024-03-03T12:03:27.056Z] <<< [apiv2][status] POST https://cloudresourcemanager.googleapis.com/v1/projects/heritage-96586:testIamPermissions 200
[debug] [2024-03-03T12:03:27.056Z] <<< [apiv2][body] POST https://cloudresourcemanager.googleapis.com/v1/projects/heritage-96586:testIamPermissions {"permissions":["cloudfunctions.functions.create","cloudfunctions.functions.delete","cloudfunctions.functions.get","cloudfunctions.functions.list","cloudfunctions.functions.update","cloudfunctions.operations.get","firebase.projects.get"]}
[debug] [2024-03-03T12:03:27.056Z] >>> [apiv2][query] POST https://iam.googleapis.com/v1/projects/heritage-96586/serviceAccounts/heritage-96586@appspot.gserviceaccount.com:testIamPermissions [none]
[debug] [2024-03-03T12:03:27.056Z] >>> [apiv2][body] POST https://iam.googleapis.com/v1/projects/heritage-96586/serviceAccounts/heritage-96586@appspot.gserviceaccount.com:testIamPermissions {"permissions":["iam.serviceAccounts.actAs"]}
[debug] [2024-03-03T12:03:27.522Z] <<< [apiv2][status] POST https://iam.googleapis.com/v1/projects/heritage-96586/serviceAccounts/heritage-96586@appspot.gserviceaccount.com:testIamPermissions 200
[debug] [2024-03-03T12:03:27.522Z] <<< [apiv2][body] POST https://iam.googleapis.com/v1/projects/heritage-96586/serviceAccounts/heritage-96586@appspot.gserviceaccount.com:testIamPermissions {"permissions":["iam.serviceAccounts.actAs"]}
[info] 
[info] === Deploying to 'heritage-96586'...
[info] 
[info] i  deploying functions 
[info] Running command: npm --prefix "$RESOURCE_DIR" run lint
[info] Running command: npm --prefix "$RESOURCE_DIR" run build
[info] ✔  functions: Finished running predeploy script. 
[debug] [2024-03-03T12:03:32.710Z] >>> [apiv2][query] GET https://firebase.googleapis.com/v1beta1/projects/heritage-96586 [none]
[debug] [2024-03-03T12:03:33.267Z] <<< [apiv2][status] GET https://firebase.googleapis.com/v1beta1/projects/heritage-96586 200
[debug] [2024-03-03T12:03:33.267Z] <<< [apiv2][body] GET https://firebase.googleapis.com/v1beta1/projects/heritage-96586 {"projectId":"heritage-96586","projectNumber":"898481618531","displayName":"heritage","name":"projects/heritage-96586","resources":{"hostingSite":"heritage-96586"},"state":"ACTIVE","etag":"1_47506717-5439-4dc9-bd43-47a1a5f6dd32"}
[info] i  functions: preparing codebase default for deployment 
[info] i  functions: ensuring required API cloudfunctions.googleapis.com is enabled... 
[info] i  functions: ensuring required API cloudbuild.googleapis.com is enabled... 
[info] i  artifactregistry: ensuring required API artifactregistry.googleapis.com is enabled... 
[debug] [2024-03-03T12:03:33.268Z] >>> [apiv2][query] GET https://serviceusage.googleapis.com/v1/projects/heritage-96586/services/cloudfunctions.googleapis.com [none]
[debug] [2024-03-03T12:03:33.268Z] >>> [apiv2][(partial)header] GET https://serviceusage.googleapis.com/v1/projects/heritage-96586/services/cloudfunctions.googleapis.com x-goog-quota-user=projects/heritage-96586
[debug] [2024-03-03T12:03:33.269Z] >>> [apiv2][query] GET https://serviceusage.googleapis.com/v1/projects/heritage-96586/services/runtimeconfig.googleapis.com [none]
[debug] [2024-03-03T12:03:33.269Z] >>> [apiv2][(partial)header] GET https://serviceusage.googleapis.com/v1/projects/heritage-96586/services/runtimeconfig.googleapis.com x-goog-quota-user=projects/heritage-96586
[debug] [2024-03-03T12:03:33.269Z] >>> [apiv2][query] GET https://serviceusage.googleapis.com/v1/projects/heritage-96586/services/cloudbuild.googleapis.com [none]
[debug] [2024-03-03T12:03:33.269Z] >>> [apiv2][(partial)header] GET https://serviceusage.googleapis.com/v1/projects/heritage-96586/services/cloudbuild.googleapis.com x-goog-quota-user=projects/heritage-96586
[debug] [2024-03-03T12:03:33.269Z] >>> [apiv2][query] GET https://serviceusage.googleapis.com/v1/projects/heritage-96586/services/artifactregistry.googleapis.com [none]
[debug] [2024-03-03T12:03:33.269Z] >>> [apiv2][(partial)header] GET https://serviceusage.googleapis.com/v1/projects/heritage-96586/services/artifactregistry.googleapis.com x-goog-quota-user=projects/heritage-96586
[debug] [2024-03-03T12:03:34.541Z] <<< [apiv2][status] GET https://serviceusage.googleapis.com/v1/projects/heritage-96586/services/runtimeconfig.googleapis.com 200
[debug] [2024-03-03T12:03:34.541Z] <<< [apiv2][body] GET https://serviceusage.googleapis.com/v1/projects/heritage-96586/services/runtimeconfig.googleapis.com [omitted]
[debug] [2024-03-03T12:03:34.557Z] <<< [apiv2][status] GET https://serviceusage.googleapis.com/v1/projects/heritage-96586/services/cloudfunctions.googleapis.com 200
[debug] [2024-03-03T12:03:34.558Z] <<< [apiv2][body] GET https://serviceusage.googleapis.com/v1/projects/heritage-96586/services/cloudfunctions.googleapis.com [omitted]
[info] ✔  functions: required API cloudfunctions.googleapis.com is enabled 
[debug] [2024-03-03T12:03:34.559Z] <<< [apiv2][status] GET https://serviceusage.googleapis.com/v1/projects/heritage-96586/services/artifactregistry.googleapis.com 200
[debug] [2024-03-03T12:03:34.559Z] <<< [apiv2][body] GET https://serviceusage.googleapis.com/v1/projects/heritage-96586/services/artifactregistry.googleapis.com [omitted]
[info] ✔  artifactregistry: required API artifactregistry.googleapis.com is enabled 
[debug] [2024-03-03T12:03:34.560Z] <<< [apiv2][status] GET https://serviceusage.googleapis.com/v1/projects/heritage-96586/services/cloudbuild.googleapis.com 200
[debug] [2024-03-03T12:03:34.560Z] <<< [apiv2][body] GET https://serviceusage.googleapis.com/v1/projects/heritage-96586/services/cloudbuild.googleapis.com [omitted]
[info] ✔  functions: required API cloudbuild.googleapis.com is enabled 
[debug] [2024-03-03T12:03:34.560Z] >>> [apiv2][query] GET https://firebase.googleapis.com/v1beta1/projects/heritage-96586/adminSdkConfig [none]
[debug] [2024-03-03T12:03:35.011Z] <<< [apiv2][status] GET https://firebase.googleapis.com/v1beta1/projects/heritage-96586/adminSdkConfig 200
[debug] [2024-03-03T12:03:35.011Z] <<< [apiv2][body] GET https://firebase.googleapis.com/v1beta1/projects/heritage-96586/adminSdkConfig {"projectId":"heritage-96586","storageBucket":"heritage-96586.appspot.com"}
[debug] [2024-03-03T12:03:35.011Z] >>> [apiv2][query] GET https://runtimeconfig.googleapis.com/v1beta1/projects/heritage-96586/configs [none]
[debug] [2024-03-03T12:03:35.486Z] <<< [apiv2][status] GET https://runtimeconfig.googleapis.com/v1beta1/projects/heritage-96586/configs 200
[debug] [2024-03-03T12:03:35.486Z] <<< [apiv2][body] GET https://runtimeconfig.googleapis.com/v1beta1/projects/heritage-96586/configs {}
[debug] [2024-03-03T12:03:35.487Z] Validating nodejs source
[debug] [2024-03-03T12:03:35.809Z] > [functions] package.json contents: {
  "name": "@se-2/functions",
  "scripts": {
    "lint": "eslint --fix --ext .js,.ts .",
    "build": "tsc -p ./tsconfig.json",
    "build:watch": "tsc --watch",
    "serve": "npm run build && firebase emulators:start --only functions",
    "shell": "npm run build && firebase functions:shell",
    "start": "npm run shell",
    "deploy": "firebase deploy --only functions",
    "logs": "firebase functions:log"
  },
  "engines": {
    "node": "18"
  },
  "main": "lib/index.js",
  "private": true,
  "dependencies": {
    "ethers": "^6.9.1",
    "firebase-admin": "^11.8.0",
    "firebase-functions": "^4.7.0"
  },
  "devDependencies": {
    "@types/semver": "^6",
    "@typescript-eslint/eslint-plugin": "^5.12.0",
    "@typescript-eslint/parser": "^5.12.0",
    "eslint": "^8.9.0",
    "eslint-config-google": "^0.14.0",
    "eslint-plugin-import": "^2.25.4",
    "firebase-functions-test": "^3.1.0",
    "typescript": "^4.9.0"
  }
}
[debug] [2024-03-03T12:03:35.809Z] Building nodejs source
[info] i  functions: Loading and analyzing source code for codebase default to determine what to deploy 
[debug] [2024-03-03T12:03:35.810Z] Could not find functions.yaml. Must use http discovery
[debug] [2024-03-03T12:03:35.816Z] Found firebase-functions binary at '/Users/damdafayton/damdafayton/heritage/packages/react-native/functions/node_modules/.bin/firebase-functions'
[info] Serving at port 8815

[debug] [2024-03-03T12:03:36.022Z] Got response from /__/functions.yaml {"endpoints":{"auth":{"availableMemoryMb":null,"timeoutSeconds":null,"minInstances":null,"maxInstances":null,"ingressSettings":null,"concurrency":null,"serviceAccountEmail":null,"vpc":null,"platform":"gcfv2","labels":{},"httpsTrigger":{},"entryPoint":"auth"},"encryptedData":{"availableMemoryMb":null,"timeoutSeconds":null,"minInstances":null,"maxInstances":null,"ingressSettings":null,"concurrency":null,"serviceAccountEmail":null,"vpc":null,"platform":"gcfv2","labels":{},"httpsTrigger":{},"entryPoint":"encryptedData"},"user":{"availableMemoryMb":null,"timeoutSeconds":null,"minInstances":null,"maxInstances":null,"ingressSettings":null,"concurrency":null,"serviceAccountEmail":null,"vpc":null,"platform":"gcfv2","labels":{},"httpsTrigger":{},"entryPoint":"user"},"ping":{"availableMemoryMb":null,"timeoutSeconds":null,"minInstances":null,"maxInstances":null,"ingressSettings":null,"concurrency":null,"serviceAccountEmail":null,"vpc":null,"platform":"gcfv2","labels":{},"httpsTrigger":{},"entryPoint":"ping"}},"specVersion":"v1alpha1","requiredAPIs":[]}
[info] i  functions: preparing functions directory for uploading... 
[info] i  functions: packaged /Users/damdafayton/damdafayton/heritage/packages/react-native/functions (42.37 MB) for uploading 
[debug] [2024-03-03T12:03:37.293Z] >>> [apiv2][query] GET https://cloudfunctions.googleapis.com/v1/projects/heritage-96586/locations/-/functions [none]
[debug] [2024-03-03T12:03:38.013Z] <<< [apiv2][status] GET https://cloudfunctions.googleapis.com/v1/projects/heritage-96586/locations/-/functions 200
[debug] [2024-03-03T12:03:38.013Z] <<< [apiv2][body] GET https://cloudfunctions.googleapis.com/v1/projects/heritage-96586/locations/-/functions {}
[debug] [2024-03-03T12:03:38.013Z] >>> [apiv2][query] GET https://cloudfunctions.googleapis.com/v2/projects/heritage-96586/locations/-/functions filter=environment%3D%22GEN_2%22
[debug] [2024-03-03T12:03:39.194Z] <<< [apiv2][status] GET https://cloudfunctions.googleapis.com/v2/projects/heritage-96586/locations/-/functions 200
[debug] [2024-03-03T12:03:39.194Z] <<< [apiv2][body] GET https://cloudfunctions.googleapis.com/v2/projects/heritage-96586/locations/-/functions {"functions":[{"name":"projects/heritage-96586/locations/us-central1/functions/auth","buildConfig":{"build":"projects/898481618531/locations/us-central1/builds/cc0901b2-1056-47b4-ab29-cecd172693c4","runtime":"nodejs18","entryPoint":"auth","source":{"storageSource":{"bucket":"gcf-v2-sources-898481618531-us-central1","object":"auth/function-source.zip","generation":"1709464646533028"}},"environmentVariables":{"GOOGLE_NODE_RUN_SCRIPTS":""},"dockerRepository":"projects/heritage-96586/locations/us-central1/repositories/gcf-artifacts","sourceProvenance":{"resolvedStorageSource":{"bucket":"gcf-v2-sources-898481618531-us-central1","object":"auth/function-source.zip","generation":"1709464646533028"}},"dockerRegistry":"ARTIFACT_REGISTRY"},"serviceConfig":{"service":"projects/heritage-96586/locations/us-central1/services/auth","timeoutSeconds":60,"environmentVariables":{"FIREBASE_CONFIG":"{\"projectId\":\"heritage-96586\",\"storageBucket\":\"heritage-96586.appspot.com\"}","GCLOUD_PROJECT":"heritage-96586","EVENTARC_CLOUD_EVENT_SOURCE":"projects/heritage-96586/locations/us-central1/services/auth","FUNCTION_TARGET":"auth","FUNCTION_SIGNATURE_TYPE":"http"},"maxInstanceCount":100,"ingressSettings":"ALLOW_ALL","uri":"https://auth-rgsbb2btwa-uc.a.run.app","serviceAccountEmail":"898481618531-compute@developer.gserviceaccount.com","availableMemory":"256Mi","allTrafficOnLatestRevision":true,"revision":"auth-00009-qoz","maxInstanceRequestConcurrency":80,"availableCpu":"1"},"state":"ACTIVE","updateTime":"2024-03-03T11:18:55.574808500Z","labels":{"deployment-tool":"cli-firebase","firebase-functions-hash":"147c0d0a5ccbc37550da6ef7d73230f0c83c35a7"},"environment":"GEN_2","url":"https://us-central1-heritage-96586.cloudfunctions.net/auth","createTime":"2024-02-27T18:15:20.921714426Z"},{"name":"projects/heritage-96586/locations/us-central1/functions/encryptedData","buildConfig":{"build":"projects/898481618531/locations/us-central1/builds/cc0901b2-1056-47b4-ab29-cecd172693c4","runtime":"nodejs18","entryPoint":"encryptedData","source":{"storageSource":{"bucket":"gcf-v2-sources-898481618531-us-central1","object":"encryptedData/function-source.zip","generation":"1709464722790489"}},"environmentVariables":{"GOOGLE_NODE_RUN_SCRIPTS":""},"dockerRepository":"projects/heritage-96586/locations/us-central1/repositories/gcf-artifacts","sourceProvenance":{"resolvedStorageSource":{"bucket":"gcf-v2-sources-898481618531-us-central1","object":"encryptedData/function-source.zip","generation":"1709464722790489"}},"dockerRegistry":"ARTIFACT_REGISTRY"},"serviceConfig":{"service":"projects/heritage-96586/locations/us-central1/services/encrypteddata","timeoutSeconds":60,"environmentVariables":{"FIREBASE_CONFIG":"{\"projectId\":\"heritage-96586\",\"storageBucket\":\"heritage-96586.appspot.com\"}","GCLOUD_PROJECT":"heritage-96586","EVENTARC_CLOUD_EVENT_SOURCE":"projects/heritage-96586/locations/us-central1/services/encryptedData","FUNCTION_TARGET":"encryptedData","FUNCTION_SIGNATURE_TYPE":"http"},"maxInstanceCount":100,"ingressSettings":"ALLOW_ALL","uri":"https://encrypteddata-rgsbb2btwa-uc.a.run.app","serviceAccountEmail":"898481618531-compute@developer.gserviceaccount.com","availableMemory":"256Mi","allTrafficOnLatestRevision":true,"revision":"encrypteddata-00009-rec","maxInstanceRequestConcurrency":80,"availableCpu":"1"},"state":"ACTIVE","updateTime":"2024-03-03T11:18:55.474876592Z","labels":{"deployment-tool":"cli-firebase","firebase-functions-hash":"147c0d0a5ccbc37550da6ef7d73230f0c83c35a7"},"environment":"GEN_2","url":"https://us-central1-heritage-96586.cloudfunctions.net/encryptedData","createTime":"2024-02-27T18:16:16.576653872Z"},{"name":"projects/heritage-96586/locations/us-central1/functions/user","buildConfig":{"build":"projects/898481618531/locations/us-central1/builds/cc0901b2-1056-47b4-ab29-cecd172693c4","runtime":"nodejs18","entryPoint":"user","source":{"storageSource":{"bucket":"gcf-v2-sources-898481618531-us-central1","object":"user/function-source.zip","generation":"1709464723220823"}},"environmentVariables":{"GOOGLE_NODE_RUN_SCRIPTS":""},"dockerRepository":"projects/heritage-96586/locations/us-central1/repositories/gcf-artifacts","sourceProvenance":{"resolvedStorageSource":{"bucket":"gcf-v2-sources-898481618531-us-central1","object":"user/function-source.zip","generation":"1709464723220823"}},"dockerRegistry":"ARTIFACT_REGISTRY"},"serviceConfig":{"service":"projects/heritage-96586/locations/us-central1/services/user","timeoutSeconds":60,"environmentVariables":{"FIREBASE_CONFIG":"{\"projectId\":\"heritage-96586\",\"storageBucket\":\"heritage-96586.appspot.com\"}","GCLOUD_PROJECT":"heritage-96586","EVENTARC_CLOUD_EVENT_SOURCE":"projects/heritage-96586/locations/us-central1/services/user","FUNCTION_TARGET":"user","FUNCTION_SIGNATURE_TYPE":"http"},"maxInstanceCount":100,"ingressSettings":"ALLOW_ALL","uri":"https://user-rgsbb2btwa-uc.a.run.app","serviceAccountEmail":"898481618531-compute@developer.gserviceaccount.com","availableMemory":"256Mi","allTrafficOnLatestRevision":true,"revision":"user-00009-gow","maxInstanceRequestConcurrency":80,"availableCpu":"1"},"state":"ACTIVE","updateTime":"2024-03-03T11:18:55.938925331Z","labels":{"deployment-tool":"cli-firebase","firebase-functions-hash":"147c0d0a5ccbc37550da6ef7d73230f0c83c35a7"},"environment":"GEN_2","url":"https://us-central1-heritage-96586.cloudfunctions.net/user","createTime":"2024-02-27T18:16:16.502249636Z"},{"name":"projects/heritage-96586/locations/us-central1/functions/ping","buildConfig":{"build":"projects/898481618531/locations/us-central1/builds/cc0901b2-1056-47b4-ab29-cecd172693c4","runtime":"nodejs18","entryPoint":"ping","source":{"storageSource":{"bucket":"gcf-v2-sources-898481618531-us-central1","object":"ping/function-source.zip","generation":"1709464723073524"}},"environmentVariables":{"GOOGLE_NODE_RUN_SCRIPTS":""},"dockerRepository":"projects/heritage-96586/locations/us-central1/repositories/gcf-artifacts","sourceProvenance":{"resolvedStorageSource":{"bucket":"gcf-v2-sources-898481618531-us-central1","object":"ping/function-source.zip","generation":"1709464723073524"}},"dockerRegistry":"ARTIFACT_REGISTRY"},"serviceConfig":{"service":"projects/heritage-96586/locations/us-central1/services/ping","timeoutSeconds":60,"environmentVariables":{"FIREBASE_CONFIG":"{\"projectId\":\"heritage-96586\",\"storageBucket\":\"heritage-96586.appspot.com\"}","GCLOUD_PROJECT":"heritage-96586","EVENTARC_CLOUD_EVENT_SOURCE":"projects/heritage-96586/locations/us-central1/services/ping","FUNCTION_TARGET":"ping","FUNCTION_SIGNATURE_TYPE":"http"},"maxInstanceCount":100,"ingressSettings":"ALLOW_ALL","uri":"https://ping-rgsbb2btwa-uc.a.run.app","serviceAccountEmail":"898481618531-compute@developer.gserviceaccount.com","availableMemory":"256Mi","allTrafficOnLatestRevision":true,"revision":"ping-00002-tah","maxInstanceRequestConcurrency":80,"availableCpu":"1"},"state":"ACTIVE","updateTime":"2024-03-03T11:18:55.759881779Z","labels":{"deployment-tool":"cli-firebase","firebase-functions-hash":"147c0d0a5ccbc37550da6ef7d73230f0c83c35a7"},"environment":"GEN_2","url":"https://us-central1-heritage-96586.cloudfunctions.net/ping","createTime":"2024-03-03T09:44:23.699727825Z"}]}
[info] i  functions: ensuring required API run.googleapis.com is enabled... 
[info] i  functions: ensuring required API eventarc.googleapis.com is enabled... 
[info] i  functions: ensuring required API pubsub.googleapis.com is enabled... 
[info] i  functions: ensuring required API storage.googleapis.com is enabled... 
[debug] [2024-03-03T12:03:39.196Z] >>> [apiv2][query] GET https://serviceusage.googleapis.com/v1/projects/heritage-96586/services/run.googleapis.com [none]
[debug] [2024-03-03T12:03:39.196Z] >>> [apiv2][(partial)header] GET https://serviceusage.googleapis.com/v1/projects/heritage-96586/services/run.googleapis.com x-goog-quota-user=projects/heritage-96586
[debug] [2024-03-03T12:03:39.197Z] >>> [apiv2][query] GET https://serviceusage.googleapis.com/v1/projects/heritage-96586/services/eventarc.googleapis.com [none]
[debug] [2024-03-03T12:03:39.197Z] >>> [apiv2][(partial)header] GET https://serviceusage.googleapis.com/v1/projects/heritage-96586/services/eventarc.googleapis.com x-goog-quota-user=projects/heritage-96586
[debug] [2024-03-03T12:03:39.198Z] >>> [apiv2][query] GET https://serviceusage.googleapis.com/v1/projects/heritage-96586/services/pubsub.googleapis.com [none]
[debug] [2024-03-03T12:03:39.198Z] >>> [apiv2][(partial)header] GET https://serviceusage.googleapis.com/v1/projects/heritage-96586/services/pubsub.googleapis.com x-goog-quota-user=projects/heritage-96586
[debug] [2024-03-03T12:03:39.198Z] >>> [apiv2][query] GET https://serviceusage.googleapis.com/v1/projects/heritage-96586/services/storage.googleapis.com [none]
[debug] [2024-03-03T12:03:39.198Z] >>> [apiv2][(partial)header] GET https://serviceusage.googleapis.com/v1/projects/heritage-96586/services/storage.googleapis.com x-goog-quota-user=projects/heritage-96586
[debug] [2024-03-03T12:03:40.443Z] <<< [apiv2][status] GET https://serviceusage.googleapis.com/v1/projects/heritage-96586/services/eventarc.googleapis.com 200
[debug] [2024-03-03T12:03:40.444Z] <<< [apiv2][body] GET https://serviceusage.googleapis.com/v1/projects/heritage-96586/services/eventarc.googleapis.com [omitted]
[info] ✔  functions: required API eventarc.googleapis.com is enabled 
[debug] [2024-03-03T12:03:40.444Z] <<< [apiv2][status] GET https://serviceusage.googleapis.com/v1/projects/heritage-96586/services/storage.googleapis.com 200
[debug] [2024-03-03T12:03:40.444Z] <<< [apiv2][body] GET https://serviceusage.googleapis.com/v1/projects/heritage-96586/services/storage.googleapis.com [omitted]
[info] ✔  functions: required API storage.googleapis.com is enabled 
[debug] [2024-03-03T12:03:40.447Z] <<< [apiv2][status] GET https://serviceusage.googleapis.com/v1/projects/heritage-96586/services/run.googleapis.com 200
[debug] [2024-03-03T12:03:40.447Z] <<< [apiv2][body] GET https://serviceusage.googleapis.com/v1/projects/heritage-96586/services/run.googleapis.com [omitted]
[info] ✔  functions: required API run.googleapis.com is enabled 
[debug] [2024-03-03T12:03:40.559Z] <<< [apiv2][status] GET https://serviceusage.googleapis.com/v1/projects/heritage-96586/services/pubsub.googleapis.com 200
[debug] [2024-03-03T12:03:40.559Z] <<< [apiv2][body] GET https://serviceusage.googleapis.com/v1/projects/heritage-96586/services/pubsub.googleapis.com [omitted]
[info] ✔  functions: required API pubsub.googleapis.com is enabled 
[info] i  functions: generating the service identity for pubsub.googleapis.com... 
[info] i  functions: generating the service identity for eventarc.googleapis.com... 
[debug] [2024-03-03T12:03:40.560Z] >>> [apiv2][query] POST https://serviceusage.googleapis.com/v1beta1/projects/898481618531/services/pubsub.googleapis.com:generateServiceIdentity [none]
[debug] [2024-03-03T12:03:40.560Z] >>> [apiv2][query] POST https://serviceusage.googleapis.com/v1beta1/projects/898481618531/services/eventarc.googleapis.com:generateServiceIdentity [none]
[debug] [2024-03-03T12:03:41.837Z] <<< [apiv2][status] POST https://serviceusage.googleapis.com/v1beta1/projects/898481618531/services/eventarc.googleapis.com:generateServiceIdentity 200
[debug] [2024-03-03T12:03:41.837Z] <<< [apiv2][body] POST https://serviceusage.googleapis.com/v1beta1/projects/898481618531/services/eventarc.googleapis.com:generateServiceIdentity {"name":"operations/finished.DONE_OPERATION","done":true,"response":{"@type":"type.googleapis.com/google.api.serviceusage.v1beta1.ServiceIdentity","email":"service-898481618531@gcp-sa-eventarc.iam.gserviceaccount.com","uniqueId":"105864129116596415174"}}
[debug] [2024-03-03T12:03:41.864Z] <<< [apiv2][status] POST https://serviceusage.googleapis.com/v1beta1/projects/898481618531/services/pubsub.googleapis.com:generateServiceIdentity 200
[debug] [2024-03-03T12:03:41.864Z] <<< [apiv2][body] POST https://serviceusage.googleapis.com/v1beta1/projects/898481618531/services/pubsub.googleapis.com:generateServiceIdentity {"name":"operations/finished.DONE_OPERATION","done":true,"response":{"@type":"type.googleapis.com/google.api.serviceusage.v1beta1.ServiceIdentity","email":"service-898481618531@gcp-sa-pubsub.iam.gserviceaccount.com","uniqueId":"114976084034285686017"}}
[debug] [2024-03-03T12:03:41.865Z] >>> [apiv2][query] GET https://firebase.googleapis.com/v1beta1/projects/heritage-96586 [none]
[debug] [2024-03-03T12:03:42.246Z] <<< [apiv2][status] GET https://firebase.googleapis.com/v1beta1/projects/heritage-96586 200
[debug] [2024-03-03T12:03:42.246Z] <<< [apiv2][body] GET https://firebase.googleapis.com/v1beta1/projects/heritage-96586 {"projectId":"heritage-96586","projectNumber":"898481618531","displayName":"heritage","name":"projects/heritage-96586","resources":{"hostingSite":"heritage-96586"},"state":"ACTIVE","etag":"1_47506717-5439-4dc9-bd43-47a1a5f6dd32"}
[debug] [2024-03-03T12:03:42.247Z] >>> [apiv2][query] POST https://cloudfunctions.googleapis.com/v2/projects/heritage-96586/locations/us-central1/functions:generateUploadUrl [none]
[debug] [2024-03-03T12:03:43.215Z] <<< [apiv2][status] POST https://cloudfunctions.googleapis.com/v2/projects/heritage-96586/locations/us-central1/functions:generateUploadUrl 200
[debug] [2024-03-03T12:03:43.216Z] <<< [apiv2][body] POST https://cloudfunctions.googleapis.com/v2/projects/heritage-96586/locations/us-central1/functions:generateUploadUrl {"uploadUrl":"https://storage.googleapis.com/gcf-v2-uploads-898481618531-us-central1/e40300f2-f37d-4bab-86ba-ee46dcddf06f.zip?GoogleAccessId=service-898481618531@gcf-admin-robot.iam.gserviceaccount.com&Expires=1709469223&Signature=AuEWNrFlTNpyPF3HizKMoL2HjYW6gdvPdJg0Nzpe%2B9yX9%2FxE3Ti6FGsu6krCKk3fHJOu7EW%2BxLC7TQngoh1pAE7xmkbc15oMU5y6IwYvlXA4DQ0TLb9sqs1V%2F5zkSExcGxybwfp70vv8BiP1qhzYAUW4LJXd2IOK7SAFEghLG6AoeCIBGuCLqOIC0%2BLsY%2B9UWWpVVWS3cawS2MkkUZq1ygeX0vuuz4QIy28s70H0biSnv%2BKLb7OBS2hlNj3Ae3TMrOqUdDZcvpAfwpUqICGJfRIb%2F1ZVH9lKEXVw2omnaAPiaBYlRxAkm8PyuhlW50vLjxmxm5LYIRGiiYMMH%2BL0Bg%3D%3D","storageSource":{"bucket":"gcf-v2-uploads-898481618531-us-central1","object":"e40300f2-f37d-4bab-86ba-ee46dcddf06f.zip"}}
[debug] [2024-03-03T12:03:43.216Z] >>> [apiv2][query] PUT https://storage.googleapis.com/gcf-v2-uploads-898481618531-us-central1/e40300f2-f37d-4bab-86ba-ee46dcddf06f.zip GoogleAccessId=service-898481618531%40gcf-admin-robot.iam.gserviceaccount.com&Expires=1709469223&Signature=AuEWNrFlTNpyPF3HizKMoL2HjYW6gdvPdJg0Nzpe%2B9yX9%2FxE3Ti6FGsu6krCKk3fHJOu7EW%2BxLC7TQngoh1pAE7xmkbc15oMU5y6IwYvlXA4DQ0TLb9sqs1V%2F5zkSExcGxybwfp70vv8BiP1qhzYAUW4LJXd2IOK7SAFEghLG6AoeCIBGuCLqOIC0%2BLsY%2B9UWWpVVWS3cawS2MkkUZq1ygeX0vuuz4QIy28s70H0biSnv%2BKLb7OBS2hlNj3Ae3TMrOqUdDZcvpAfwpUqICGJfRIb%2F1ZVH9lKEXVw2omnaAPiaBYlRxAkm8PyuhlW50vLjxmxm5LYIRGiiYMMH%2BL0Bg%3D%3D
[debug] [2024-03-03T12:03:43.216Z] >>> [apiv2][body] PUT https://storage.googleapis.com/gcf-v2-uploads-898481618531-us-central1/e40300f2-f37d-4bab-86ba-ee46dcddf06f.zip [stream]
[debug] [2024-03-03T12:06:22.295Z] <<< [apiv2][status] PUT https://storage.googleapis.com/gcf-v2-uploads-898481618531-us-central1/e40300f2-f37d-4bab-86ba-ee46dcddf06f.zip 200
[debug] [2024-03-03T12:06:22.295Z] <<< [apiv2][body] PUT https://storage.googleapis.com/gcf-v2-uploads-898481618531-us-central1/e40300f2-f37d-4bab-86ba-ee46dcddf06f.zip [omitted]
[info] ✔  functions: functions folder uploaded successfully 
[info] i  functions: updating Node.js 18 (2nd Gen) function auth(us-central1)... 
[info] i  functions: updating Node.js 18 (2nd Gen) function encryptedData(us-central1)... 
[info] i  functions: updating Node.js 18 (2nd Gen) function user(us-central1)... 
[info] i  functions: updating Node.js 18 (2nd Gen) function ping(us-central1)... 
[debug] [2024-03-03T12:06:22.301Z] >>> [apiv2][query] PATCH https://cloudfunctions.googleapis.com/v2/projects/heritage-96586/locations/us-central1/functions/auth updateMask=name%2CbuildConfig.runtime%2CbuildConfig.entryPoint%2CbuildConfig.source.storageSource.bucket%2CbuildConfig.source.storageSource.object%2CbuildConfig.environmentVariables%2CbuildConfig.sourceToken%2CserviceConfig.environmentVariables%2CserviceConfig.ingressSettings%2CserviceConfig.timeoutSeconds%2CserviceConfig.serviceAccountEmail%2CserviceConfig.availableMemory%2CserviceConfig.minInstanceCount%2CserviceConfig.maxInstanceCount%2CserviceConfig.maxInstanceRequestConcurrency%2CserviceConfig.availableCpu%2CserviceConfig.vpcConnector%2CserviceConfig.vpcConnectorEgressSettings%2Clabels%2CbuildConfig.buildEnvironmentVariables
[debug] [2024-03-03T12:06:22.301Z] >>> [apiv2][body] PATCH https://cloudfunctions.googleapis.com/v2/projects/heritage-96586/locations/us-central1/functions/auth {"name":"projects/heritage-96586/locations/us-central1/functions/auth","buildConfig":{"runtime":"nodejs18","entryPoint":"auth","source":{"storageSource":{"bucket":"gcf-v2-uploads-898481618531-us-central1","object":"e40300f2-f37d-4bab-86ba-ee46dcddf06f.zip"}},"environmentVariables":{"GOOGLE_NODE_RUN_SCRIPTS":""}},"serviceConfig":{"environmentVariables":{"FIREBASE_CONFIG":"{\"projectId\":\"heritage-96586\",\"storageBucket\":\"heritage-96586.appspot.com\"}","GCLOUD_PROJECT":"heritage-96586","EVENTARC_CLOUD_EVENT_SOURCE":"projects/heritage-96586/locations/us-central1/services/auth","FUNCTION_TARGET":"auth","FUNCTION_SIGNATURE_TYPE":"http"},"ingressSettings":null,"timeoutSeconds":null,"serviceAccountEmail":null,"availableMemory":"256Mi","minInstanceCount":null,"maxInstanceCount":null,"maxInstanceRequestConcurrency":80,"availableCpu":"1","vpcConnector":null,"vpcConnectorEgressSettings":null},"labels":{"deployment-tool":"cli-firebase","firebase-functions-hash":"df2e4adf07648bb126d8759739d9585d0872a5e5"}}
[debug] [2024-03-03T12:06:23.974Z] <<< [apiv2][status] PATCH https://cloudfunctions.googleapis.com/v2/projects/heritage-96586/locations/us-central1/functions/auth 200
[debug] [2024-03-03T12:06:23.974Z] <<< [apiv2][body] PATCH https://cloudfunctions.googleapis.com/v2/projects/heritage-96586/locations/us-central1/functions/auth {"name":"projects/heritage-96586/locations/us-central1/operations/operation-1709467583194-612c0700d23f3-daecf8eb-da0a92b6","metadata":{"@type":"type.googleapis.com/google.cloud.functions.v2.OperationMetadata","createTime":"2024-03-03T12:06:23.947775187Z","target":"projects/heritage-96586/locations/us-central1/functions/auth","verb":"update","cancelRequested":false,"apiVersion":"v2"},"done":false}
[debug] [2024-03-03T12:06:23.975Z] >>> [apiv2][query] GET https://cloudfunctions.googleapis.com/v2/projects/heritage-96586/locations/us-central1/operations/operation-1709467583194-612c0700d23f3-daecf8eb-da0a92b6 [none]
[debug] [2024-03-03T12:06:24.841Z] <<< [apiv2][status] GET https://cloudfunctions.googleapis.com/v2/projects/heritage-96586/locations/us-central1/operations/operation-1709467583194-612c0700d23f3-daecf8eb-da0a92b6 200
[debug] [2024-03-03T12:06:24.841Z] <<< [apiv2][body] GET https://cloudfunctions.googleapis.com/v2/projects/heritage-96586/locations/us-central1/operations/operation-1709467583194-612c0700d23f3-daecf8eb-da0a92b6 {"name":"projects/heritage-96586/locations/us-central1/operations/operation-1709467583194-612c0700d23f3-daecf8eb-da0a92b6","metadata":{"@type":"type.googleapis.com/google.cloud.functions.v2.OperationMetadata","createTime":"2024-03-03T12:06:23.947775187Z","target":"projects/heritage-96586/locations/us-central1/functions/auth","verb":"update","cancelRequested":false,"apiVersion":"v2","requestResource":{"@type":"type.googleapis.com/google.cloud.functions.v2.Function","name":"projects/heritage-96586/locations/us-central1/functions/auth","buildConfig":{"runtime":"nodejs18","entryPoint":"auth","source":{"storageSource":{"bucket":"gcf-v2-sources-898481618531-us-central1","object":"auth/function-source.zip","generation":"1709467583891344"}},"environmentVariables":{"GOOGLE_NODE_RUN_SCRIPTS":""},"dockerRepository":"projects/heritage-96586/locations/us-central1/repositories/gcf-artifacts","sourceProvenance":{"resolvedStorageSource":{"bucket":"gcf-v2-sources-898481618531-us-central1","object":"auth/function-source.zip","generation":"1709464646533028"}},"dockerRegistry":"ARTIFACT_REGISTRY"},"serviceConfig":{"service":"projects/heritage-96586/locations/us-central1/services/auth","timeoutSeconds":60,"environmentVariables":{"FIREBASE_CONFIG":"{\"projectId\":\"heritage-96586\",\"storageBucket\":\"heritage-96586.appspot.com\"}","GCLOUD_PROJECT":"heritage-96586","EVENTARC_CLOUD_EVENT_SOURCE":"projects/heritage-96586/locations/us-central1/services/auth","FUNCTION_TARGET":"auth","FUNCTION_SIGNATURE_TYPE":"http"},"ingressSettings":"ALLOW_ALL","uri":"https://auth-rgsbb2btwa-uc.a.run.app","serviceAccountEmail":"898481618531-compute@developer.gserviceaccount.com","availableMemory":"256Mi","allTrafficOnLatestRevision":true,"revision":"auth-00009-qoz","maxInstanceRequestConcurrency":80,"availableCpu":"1"},"state":"ACTIVE","labels":{"deployment-tool":"cloudfunctions","firebase-functions-hash":"df2e4adf07648bb126d8759739d9585d0872a5e5"},"environment":"GEN_2","url":"https://us-central1-heritage-96586.cloudfunctions.net/auth"},"stages":[{"name":"BUILD","message":"Creating build","state":"IN_PROGRESS","resource":"projects/898481618531/locations/us-central1/builds/ae2e5951-da5c-4e2f-a6f6-95f78abd7ad5","resourceUri":"https://console.cloud.google.com/cloud-build/builds;region=us-central1/ae2e5951-da5c-4e2f-a6f6-95f78abd7ad5?project=898481618531"},{"name":"SERVICE","state":"NOT_STARTED"}],"operationType":"UPDATE_FUNCTION"},"done":false}
[debug] [2024-03-03T12:06:25.342Z] [update-default-us-central1-auth] Retrying task index 0
[debug] [2024-03-03T12:06:25.342Z] >>> [apiv2][query] GET https://cloudfunctions.googleapis.com/v2/projects/heritage-96586/locations/us-central1/operations/operation-1709467583194-612c0700d23f3-daecf8eb-da0a92b6 [none]
[debug] [2024-03-03T12:06:26.229Z] <<< [apiv2][status] GET https://cloudfunctions.googleapis.com/v2/projects/heritage-96586/locations/us-central1/operations/operation-1709467583194-612c0700d23f3-daecf8eb-da0a92b6 200
[debug] [2024-03-03T12:06:26.229Z] <<< [apiv2][body] GET https://cloudfunctions.googleapis.com/v2/projects/heritage-96586/locations/us-central1/operations/operation-1709467583194-612c0700d23f3-daecf8eb-da0a92b6 {"name":"projects/heritage-96586/locations/us-central1/operations/operation-1709467583194-612c0700d23f3-daecf8eb-da0a92b6","metadata":{"@type":"type.googleapis.com/google.cloud.functions.v2.OperationMetadata","createTime":"2024-03-03T12:06:23.947775187Z","target":"projects/heritage-96586/locations/us-central1/functions/auth","verb":"update","cancelRequested":false,"apiVersion":"v2","requestResource":{"@type":"type.googleapis.com/google.cloud.functions.v2.Function","name":"projects/heritage-96586/locations/us-central1/functions/auth","buildConfig":{"runtime":"nodejs18","entryPoint":"auth","source":{"storageSource":{"bucket":"gcf-v2-sources-898481618531-us-central1","object":"auth/function-source.zip","generation":"1709467583891344"}},"environmentVariables":{"GOOGLE_NODE_RUN_SCRIPTS":""},"dockerRepository":"projects/heritage-96586/locations/us-central1/repositories/gcf-artifacts","sourceProvenance":{"resolvedStorageSource":{"bucket":"gcf-v2-sources-898481618531-us-central1","object":"auth/function-source.zip","generation":"1709464646533028"}},"dockerRegistry":"ARTIFACT_REGISTRY"},"serviceConfig":{"service":"projects/heritage-96586/locations/us-central1/services/auth","timeoutSeconds":60,"environmentVariables":{"FIREBASE_CONFIG":"{\"projectId\":\"heritage-96586\",\"storageBucket\":\"heritage-96586.appspot.com\"}","GCLOUD_PROJECT":"heritage-96586","EVENTARC_CLOUD_EVENT_SOURCE":"projects/heritage-96586/locations/us-central1/services/auth","FUNCTION_TARGET":"auth","FUNCTION_SIGNATURE_TYPE":"http"},"ingressSettings":"ALLOW_ALL","uri":"https://auth-rgsbb2btwa-uc.a.run.app","serviceAccountEmail":"898481618531-compute@developer.gserviceaccount.com","availableMemory":"256Mi","allTrafficOnLatestRevision":true,"revision":"auth-00009-qoz","maxInstanceRequestConcurrency":80,"availableCpu":"1"},"state":"ACTIVE","labels":{"deployment-tool":"cloudfunctions","firebase-functions-hash":"df2e4adf07648bb126d8759739d9585d0872a5e5"},"environment":"GEN_2","url":"https://us-central1-heritage-96586.cloudfunctions.net/auth"},"stages":[{"name":"BUILD","message":"Build in progress","state":"IN_PROGRESS","resource":"projects/898481618531/locations/us-central1/builds/ae2e5951-da5c-4e2f-a6f6-95f78abd7ad5","resourceUri":"https://console.cloud.google.com/cloud-build/builds;region=us-central1/ae2e5951-da5c-4e2f-a6f6-95f78abd7ad5?project=898481618531"},{"name":"SERVICE","state":"NOT_STARTED"}],"operationType":"UPDATE_FUNCTION"},"done":false}
[debug] [2024-03-03T12:06:27.231Z] [update-default-us-central1-auth] Retrying task index 0
[debug] [2024-03-03T12:06:27.231Z] >>> [apiv2][query] GET https://cloudfunctions.googleapis.com/v2/projects/heritage-96586/locations/us-central1/operations/operation-1709467583194-612c0700d23f3-daecf8eb-da0a92b6 [none]
[debug] [2024-03-03T12:06:28.174Z] <<< [apiv2][status] GET https://cloudfunctions.googleapis.com/v2/projects/heritage-96586/locations/us-central1/operations/operation-1709467583194-612c0700d23f3-daecf8eb-da0a92b6 200
[debug] [2024-03-03T12:06:28.174Z] <<< [apiv2][body] GET https://cloudfunctions.googleapis.com/v2/projects/heritage-96586/locations/us-central1/operations/operation-1709467583194-612c0700d23f3-daecf8eb-da0a92b6 {"name":"projects/heritage-96586/locations/us-central1/operations/operation-1709467583194-612c0700d23f3-daecf8eb-da0a92b6","metadata":{"@type":"type.googleapis.com/google.cloud.functions.v2.OperationMetadata","createTime":"2024-03-03T12:06:23.947775187Z","target":"projects/heritage-96586/locations/us-central1/functions/auth","verb":"update","cancelRequested":false,"apiVersion":"v2","requestResource":{"@type":"type.googleapis.com/google.cloud.functions.v2.Function","name":"projects/heritage-96586/locations/us-central1/functions/auth","buildConfig":{"runtime":"nodejs18","entryPoint":"auth","source":{"storageSource":{"bucket":"gcf-v2-sources-898481618531-us-central1","object":"auth/function-source.zip","generation":"1709467583891344"}},"environmentVariables":{"GOOGLE_NODE_RUN_SCRIPTS":""},"dockerRepository":"projects/heritage-96586/locations/us-central1/repositories/gcf-artifacts","sourceProvenance":{"resolvedStorageSource":{"bucket":"gcf-v2-sources-898481618531-us-central1","object":"auth/function-source.zip","generation":"1709464646533028"}},"dockerRegistry":"ARTIFACT_REGISTRY"},"serviceConfig":{"service":"projects/heritage-96586/locations/us-central1/services/auth","timeoutSeconds":60,"environmentVariables":{"FIREBASE_CONFIG":"{\"projectId\":\"heritage-96586\",\"storageBucket\":\"heritage-96586.appspot.com\"}","GCLOUD_PROJECT":"heritage-96586","EVENTARC_CLOUD_EVENT_SOURCE":"projects/heritage-96586/locations/us-central1/services/auth","FUNCTION_TARGET":"auth","FUNCTION_SIGNATURE_TYPE":"http"},"ingressSettings":"ALLOW_ALL","uri":"https://auth-rgsbb2btwa-uc.a.run.app","serviceAccountEmail":"898481618531-compute@developer.gserviceaccount.com","availableMemory":"256Mi","allTrafficOnLatestRevision":true,"revision":"auth-00009-qoz","maxInstanceRequestConcurrency":80,"availableCpu":"1"},"state":"ACTIVE","labels":{"deployment-tool":"cloudfunctions","firebase-functions-hash":"df2e4adf07648bb126d8759739d9585d0872a5e5"},"environment":"GEN_2","url":"https://us-central1-heritage-96586.cloudfunctions.net/auth"},"stages":[{"name":"BUILD","message":"Build in progress","state":"IN_PROGRESS","resource":"projects/898481618531/locations/us-central1/builds/ae2e5951-da5c-4e2f-a6f6-95f78abd7ad5","resourceUri":"https://console.cloud.google.com/cloud-build/builds;region=us-central1/ae2e5951-da5c-4e2f-a6f6-95f78abd7ad5?project=898481618531"},{"name":"SERVICE","state":"NOT_STARTED"}],"operationType":"UPDATE_FUNCTION"},"done":false}
[debug] [2024-03-03T12:06:30.174Z] [update-default-us-central1-auth] Retrying task index 0
[debug] [2024-03-03T12:06:30.175Z] >>> [apiv2][query] GET https://cloudfunctions.googleapis.com/v2/projects/heritage-96586/locations/us-central1/operations/operation-1709467583194-612c0700d23f3-daecf8eb-da0a92b6 [none]
[debug] [2024-03-03T12:06:31.066Z] <<< [apiv2][status] GET https://cloudfunctions.googleapis.com/v2/projects/heritage-96586/locations/us-central1/operations/operation-1709467583194-612c0700d23f3-daecf8eb-da0a92b6 200
[debug] [2024-03-03T12:06:31.066Z] <<< [apiv2][body] GET https://cloudfunctions.googleapis.com/v2/projects/heritage-96586/locations/us-central1/operations/operation-1709467583194-612c0700d23f3-daecf8eb-da0a92b6 {"name":"projects/heritage-96586/locations/us-central1/operations/operation-1709467583194-612c0700d23f3-daecf8eb-da0a92b6","metadata":{"@type":"type.googleapis.com/google.cloud.functions.v2.OperationMetadata","createTime":"2024-03-03T12:06:23.947775187Z","target":"projects/heritage-96586/locations/us-central1/functions/auth","verb":"update","cancelRequested":false,"apiVersion":"v2","requestResource":{"@type":"type.googleapis.com/google.cloud.functions.v2.Function","name":"projects/heritage-96586/locations/us-central1/functions/auth","buildConfig":{"runtime":"nodejs18","entryPoint":"auth","source":{"storageSource":{"bucket":"gcf-v2-sources-898481618531-us-central1","object":"auth/function-source.zip","generation":"1709467583891344"}},"environmentVariables":{"GOOGLE_NODE_RUN_SCRIPTS":""},"dockerRepository":"projects/heritage-96586/locations/us-central1/repositories/gcf-artifacts","sourceProvenance":{"resolvedStorageSource":{"bucket":"gcf-v2-sources-898481618531-us-central1","object":"auth/function-source.zip","generation":"1709464646533028"}},"dockerRegistry":"ARTIFACT_REGISTRY"},"serviceConfig":{"service":"projects/heritage-96586/locations/us-central1/services/auth","timeoutSeconds":60,"environmentVariables":{"FIREBASE_CONFIG":"{\"projectId\":\"heritage-96586\",\"storageBucket\":\"heritage-96586.appspot.com\"}","GCLOUD_PROJECT":"heritage-96586","EVENTARC_CLOUD_EVENT_SOURCE":"projects/heritage-96586/locations/us-central1/services/auth","FUNCTION_TARGET":"auth","FUNCTION_SIGNATURE_TYPE":"http"},"ingressSettings":"ALLOW_ALL","uri":"https://auth-rgsbb2btwa-uc.a.run.app","serviceAccountEmail":"898481618531-compute@developer.gserviceaccount.com","availableMemory":"256Mi","allTrafficOnLatestRevision":true,"revision":"auth-00009-qoz","maxInstanceRequestConcurrency":80,"availableCpu":"1"},"state":"ACTIVE","labels":{"deployment-tool":"cloudfunctions","firebase-functions-hash":"df2e4adf07648bb126d8759739d9585d0872a5e5"},"environment":"GEN_2","url":"https://us-central1-heritage-96586.cloudfunctions.net/auth"},"stages":[{"name":"BUILD","message":"Build in progress","state":"IN_PROGRESS","resource":"projects/898481618531/locations/us-central1/builds/ae2e5951-da5c-4e2f-a6f6-95f78abd7ad5","resourceUri":"https://console.cloud.google.com/cloud-build/builds;region=us-central1/ae2e5951-da5c-4e2f-a6f6-95f78abd7ad5?project=898481618531"},{"name":"SERVICE","state":"NOT_STARTED"}],"operationType":"UPDATE_FUNCTION"},"done":false}
